src/react-app/components/ChecklistForm.tsx(3,41): error TS2307: Cannot find module '@/shared/compliance-utils' or its corresponding type declarations.
src/react-app/components/ChecklistForm.tsx(4,34): error TS2307: Cannot find module '@/react-app/hooks/useMediaHandling' or its corresponding type declarations.
src/react-app/components/ChecklistForm.tsx(6,28): error TS2307: Cannot find module './InspectionList' or its corresponding type declarations.
src/react-app/components/ChecklistForm.tsx(7,28): error TS2307: Cannot find module './InspectionItem' or its corresponding type declarations.
src/react-app/components/ChecklistForm.tsx(8,25): error TS2307: Cannot find module './CameraModal' or its corresponding type declarations.
src/react-app/components/ChecklistForm.tsx(94,23): error TS7006: Parameter 'media' implicitly has an 'any' type.
src/react-app/components/ChecklistForm.tsx(542,22): error TS7006: Parameter 'field' implicitly has an 'any' type.
src/react-app/components/ChecklistForm.tsx(542,29): error TS7006: Parameter 'index' implicitly has an 'any' type.
src/react-app/components/ChecklistForm.tsx(563,61): error TS7006: Parameter 'status' implicitly has an 'any' type.
src/react-app/components/ChecklistForm.tsx(564,33): error TS7006: Parameter 'val' implicitly has an 'any' type.
src/react-app/components/ChecklistForm.tsx(565,31): error TS7006: Parameter 'type' implicitly has an 'any' type.
src/react-app/components/ChecklistForm.tsx(565,37): error TS7006: Parameter 'source' implicitly has an 'any' type.
src/react-app/components/ChecklistForm.tsx(566,31): error TS7006: Parameter 'mediaId' implicitly has an 'any' type.
src/react-app/components/ChecklistForm.tsx(567,37): error TS7006: Parameter 'ids' implicitly has an 'any' type.
src/react-app/components/ChecklistForm.tsx(568,39): error TS7006: Parameter 'ids' implicitly has an 'any' type.
src/react-app/components/ChecklistForm.tsx(569,36): error TS7006: Parameter 'data' implicitly has an 'any' type.
src/react-app/components/ChecklistForm.tsx(586,21): error TS7006: Parameter 'blob' implicitly has an 'any' type.
src/react-app/components/Layout.tsx(3,24): error TS2307: Cannot find module '@/react-app/components/CompiaLogo' or its corresponding type declarations.
src/react-app/components/Layout.tsx(4,20): error TS2307: Cannot find module '@/react-app/components/Header' or its corresponding type declarations.
src/react-app/components/Layout.tsx(26,33): error TS2307: Cannot find module '@/react-app/components/FloatingAiAssistant' or its corresponding type declarations.
src/react-app/context/AuthContext.tsx(5,26): error TS2307: Cannot find module '@/react-app/lib/supabase' or its corresponding type declarations.
src/react-app/context/AuthContext.tsx(84,77): error TS7006: Parameter 'event' implicitly has an 'any' type.
src/react-app/context/AuthContext.tsx(84,84): error TS7006: Parameter 'session' implicitly has an 'any' type.
src/react-app/pages/ChecklistTemplates.tsx(95,10): error TS6133: 'shareModal' is declared but its value is never read.
